<?xml version="1.0" encoding="UTF-8"?>
<!-- Generated by org.testng.reporters.JUnitReportReporter -->
<testsuite hostname="KARTHIK" name="TestScripts.cmslandtestandlinkverify" tests="3" failures="0" timestamp="23 Apr 2020 13:59:26 GMT" time="141.334" errors="0">
  <testcase name="verifypostlink" time="47.645" classname="TestScripts.cmslandtestandlinkverify"/>
  <testcase name="verifylandingpage" time="45.765" classname="TestScripts.cmslandtestandlinkverify"/>
  <testcase name="verifymedialink" time="47.924" classname="TestScripts.cmslandtestandlinkverify"/>
</testsuite> <!-- TestScripts.cmslandtestandlinkverify -->
