<?xml version="1.0" encoding="UTF-8"?>
<!-- Generated by org.testng.reporters.JUnitReportReporter -->
<testsuite hostname="KARTHIK" name="TestScripts.Acti_user_test" tests="3" failures="0" timestamp="7 Apr 2020 11:01:17 GMT" time="192.744" errors="0">
  <testcase name="createcust" time="49.507" classname="TestScripts.Acti_user_test"/>
  <testcase name="createcust" time="82.112" classname="TestScripts.Acti_user_test"/>
  <testcase name="createcust" time="61.125" classname="TestScripts.Acti_user_test"/>
</testsuite> <!-- TestScripts.Acti_user_test -->
