<?xml version="1.0" encoding="UTF-8"?>
<!-- Generated by org.testng.reporters.JUnitReportReporter -->
<testsuite hostname="KARTHIK" name="TestScripts.User_test" tests="3" failures="0" timestamp="10 Oct 2019 15:20:28 GMT" time="110.281" errors="0">
  <testcase name="createcust" time="64.883" classname="TestScripts.User_test"/>
  <testcase name="createcust" time="15.641" classname="TestScripts.User_test"/>
  <testcase name="createcust" time="29.757" classname="TestScripts.User_test"/>
</testsuite> <!-- TestScripts.User_test -->
