<?xml version="1.0" encoding="UTF-8"?>
<!-- Generated by org.testng.reporters.JUnitReportReporter -->
<testsuite hostname="KARTHIK" name="TestScripts.Acti_createcustomer_test" tests="9" failures="0" timestamp="7 Apr 2020 11:01:17 GMT" time="551.932" errors="0">
  <testcase name="createcust" time="58.422" classname="TestScripts.Acti_createcustomer_test"/>
  <testcase name="createcust" time="55.846" classname="TestScripts.Acti_createcustomer_test"/>
  <testcase name="createcust" time="43.910" classname="TestScripts.Acti_createcustomer_test"/>
  <testcase name="createcust" time="68.582" classname="TestScripts.Acti_createcustomer_test"/>
  <testcase name="createcust" time="52.277" classname="TestScripts.Acti_createcustomer_test"/>
  <testcase name="createcust" time="121.187" classname="TestScripts.Acti_createcustomer_test"/>
  <testcase name="createcust" time="55.824" classname="TestScripts.Acti_createcustomer_test"/>
  <testcase name="createcust" time="60.773" classname="TestScripts.Acti_createcustomer_test"/>
  <testcase name="createcust" time="35.111" classname="TestScripts.Acti_createcustomer_test"/>
</testsuite> <!-- TestScripts.Acti_createcustomer_test -->
