<?xml version="1.0" encoding="UTF-8"?>
<!-- Generated by org.testng.reporters.JUnitReportReporter -->
<testsuite hostname="KARTHIK" name="TestScripts.cmstestone" tests="1" failures="0" timestamp="23 Apr 2020 09:50:56 GMT" time="45.125" errors="0">
  <testcase name="meth1" time="45.125" classname="TestScripts.cmstestone"/>
</testsuite> <!-- TestScripts.cmstestone -->
