<?xml version="1.0" encoding="UTF-8"?>
<!-- Generated by org.testng.reporters.JUnitReportReporter -->
<testsuite hostname="KARTHIK" name="TestScripts.cmslandtest" tests="1" failures="0" timestamp="23 Apr 2020 12:22:58 GMT" time="55.781" errors="0">
  <testcase name="verifylandingpage" time="55.781" classname="TestScripts.cmslandtest"/>
</testsuite> <!-- TestScripts.cmslandtest -->
