<?xml version="1.0" encoding="UTF-8"?>
<!-- Generated by org.testng.reporters.JUnitReportReporter -->
<testsuite hostname="KARTHIK" name="TestScripts.WorkReport" tests="1" failures="0" timestamp="6 Apr 2020 11:29:24 GMT" time="0.019" errors="0">
  <testcase name="testsample" time="0.019" classname="TestScripts.WorkReport"/>
</testsuite> <!-- TestScripts.WorkReport -->
