<?xml version="1.0" encoding="UTF-8"?>
<!-- Generated by org.testng.reporters.JUnitReportReporter -->
<testsuite hostname="LAPTOP-DS1BT0T6" name="Base.BaseTest" tests="1" failures="0" timestamp="27 Sep 2019 16:27:00 GMT" time="2.626" errors="0">
  <testcase name="Launch" time="2.626" classname="Base.BaseTest"/>
</testsuite> <!-- Base.BaseTest -->
