<?xml version="1.0" encoding="UTF-8"?>
<!-- Generated by org.testng.reporters.JUnitReportReporter -->
<testsuite hostname="KARTHIK" name="TestScripts.Usertest" tests="3" failures="0" timestamp="6 Apr 2020 11:50:50 GMT" time="211.686" errors="0">
  <testcase name="createcust" time="58.840" classname="TestScripts.Usertest"/>
  <testcase name="createcust" time="53.324" classname="TestScripts.Usertest"/>
  <testcase name="createcust" time="99.522" classname="TestScripts.Usertest"/>
</testsuite> <!-- TestScripts.Usertest -->
