<?xml version="1.0" encoding="UTF-8"?>
<!-- Generated by org.testng.reporters.JUnitReportReporter -->
<testsuite hostname="KARTHIK" name="TestScripts.Userexptest" tests="1" failures="0" timestamp="6 Apr 2020 11:55:29 GMT" time="39.724" errors="0">
  <testcase name="usexp" time="39.724" classname="TestScripts.Userexptest"/>
</testsuite> <!-- TestScripts.Userexptest -->
