<?xml version="1.0" encoding="UTF-8"?>
<!-- Generated by org.testng.reporters.JUnitReportReporter -->
<testsuite hostname="KARTHIK" name="TestScripts.Acti_userexp_test" tests="1" failures="0" timestamp="7 Apr 2020 11:01:17 GMT" time="36.094" errors="0">
  <testcase name="usexp" time="36.094" classname="TestScripts.Acti_userexp_test"/>
</testsuite> <!-- TestScripts.Acti_userexp_test -->
