<?xml version="1.0" encoding="UTF-8"?>
<!-- Generated by org.testng.reporters.JUnitReportReporter -->
<testsuite hostname="KARTHIK" name="TestScripts.Amtest" tests="1" failures="0" timestamp="20 Apr 2020 10:45:26 GMT" time="31.080" errors="0">
  <testcase name="m1" time="31.080" classname="TestScripts.Amtest"/>
</testsuite> <!-- TestScripts.Amtest -->
